[2022-03-29T14:21:51.978158+00:00] error.log.ERROR: GET http://docketu.iutnc.univ-lorraine.fr:62640/ : malformed uri [] []
[2022-03-29T14:21:52.953461+00:00] error.log.ERROR: GET http://docketu.iutnc.univ-lorraine.fr:62640/favicon.ico : bad method - OPTIONS wanted [] []
[2022-03-29T14:22:11.214516+00:00] error.log.ERROR: GET http://docketu.iutnc.univ-lorraine.fr:62640/favicon.ico : bad method - OPTIONS wanted [] []
[2022-03-29T14:22:21.719400+00:00] error.log.ERROR: GET http://docketu.iutnc.univ-lorraine.fr:62640/user : bad method - OPTIONS wanted [] []
[2022-03-29T14:22:22.302105+00:00] error.log.ERROR: GET http://docketu.iutnc.univ-lorraine.fr:62640/favicon.ico : bad method - OPTIONS wanted [] []
[2022-03-29T14:23:15.116685+00:00] error.log.ERROR: GET http://docketu.iutnc.univ-lorraine.fr:62640/favicon.ico : bad method - OPTIONS wanted [] []
[2022-03-29T14:23:46.360116+00:00] error.log.ERROR: GET http://docketu.iutnc.univ-lorraine.fr:62640/favicon.ico : bad method - OPTIONS wanted [] []
[2022-03-29T14:25:21.188025+00:00] error.log.ERROR: GET http://docketu.iutnc.univ-lorraine.fr:62640/favicon.ico : bad method - OPTIONS wanted [] []
[2022-03-29T14:25:26.571156+00:00] error.log.ERROR: GET http://docketu.iutnc.univ-lorraine.fr:62640/favicon.ico : bad method - OPTIONS wanted [] []
[2022-03-29T14:26:12.853269+00:00] error.log.ERROR: GET http://docketu.iutnc.univ-lorraine.fr:62640/favicon.ico : bad method - OPTIONS wanted [] []
[2022-03-29T14:27:31.013135+00:00] error.log.ERROR: GET http://docketu.iutnc.univ-lorraine.fr:62640/favicon.ico : bad method - OPTIONS wanted [] []
[2022-03-29T14:27:34.207565+00:00] error.log.ERROR: GET http://docketu.iutnc.univ-lorraine.fr:62640/favicon.ico : bad method - OPTIONS wanted [] []
[2022-03-29T14:27:56.376855+00:00] error.log.ERROR: GET http://docketu.iutnc.univ-lorraine.fr:62640/favicon.ico : bad method - OPTIONS wanted [] []
[2022-03-29T14:28:47.019425+00:00] error.log.ERROR: GET http://docketu.iutnc.univ-lorraine.fr:62640/favicon.ico : bad method - OPTIONS wanted [] []
[2022-03-29T14:28:50.543700+00:00] error.log.ERROR: GET http://docketu.iutnc.univ-lorraine.fr:62640/favicon.ico : bad method - OPTIONS wanted [] []
[2022-03-29T14:34:27.631074+00:00] error.log.ERROR: GET http://docketu.iutnc.univ-lorraine.fr:62640/favicon.ico : bad method - OPTIONS wanted [] []
[2022-03-29T14:34:37.799467+00:00] error.log.ERROR: GET http://docketu.iutnc.univ-lorraine.fr:62640/favicon.ico : bad method - OPTIONS wanted [] []
[2022-03-29T14:34:58.147263+00:00] error.log.ERROR: GET http://docketu.iutnc.univ-lorraine.fr:62640/favicon.ico : bad method - OPTIONS wanted [] []
[2022-03-29T14:37:32.561518+00:00] error.log.ERROR: GET http://docketu.iutnc.univ-lorraine.fr:62640/favicon.ico : bad method - OPTIONS wanted [] []
[2022-03-29T14:37:34.728463+00:00] error.log.ERROR: GET http://docketu.iutnc.univ-lorraine.fr:62640/favicon.ico : bad method - OPTIONS wanted [] []
[2022-03-29T14:37:40.513773+00:00] error.log.ERROR: GET http://docketu.iutnc.univ-lorraine.fr:62640/favicon.ico : bad method - OPTIONS wanted [] []
[2022-03-29T14:37:44.799961+00:00] error.log.ERROR: GET http://docketu.iutnc.univ-lorraine.fr:62640/event/ : bad method - POST, OPTIONS wanted [] []
[2022-03-29T14:37:45.364748+00:00] error.log.ERROR: GET http://docketu.iutnc.univ-lorraine.fr:62640/favicon.ico : bad method - OPTIONS wanted [] []
[2022-03-29T14:38:22.543980+00:00] error.log.ERROR: GET http://docketu.iutnc.univ-lorraine.fr:62640/event/ : bad method - POST, OPTIONS wanted [] []
[2022-03-29T14:38:23.147985+00:00] error.log.ERROR: GET http://docketu.iutnc.univ-lorraine.fr:62640/favicon.ico : bad method - OPTIONS wanted [] []
[2022-03-29T14:38:25.890393+00:00] error.log.ERROR: GET http://docketu.iutnc.univ-lorraine.fr:62640/favicon.ico : bad method - OPTIONS wanted [] []
[2022-03-29T14:39:30.345101+00:00] error.log.ERROR: GET http://docketu.iutnc.univ-lorraine.fr:62640/favicon.ico : bad method - OPTIONS wanted [] []
[2022-03-29T14:41:04.722699+00:00] error.log.ERROR: GET http://docketu.iutnc.univ-lorraine.fr:62640/favicon.ico : bad method - OPTIONS wanted [] []
[2022-03-29T14:43:47.129594+00:00] error.log.ERROR: error | 500 | Argument 1 passed to reu\back1\app\utils\Writer::json_error() must implement interface Psr\Http\Message\ResponseInterface, null given, called in /var/www/src/app/controller/MemberController.php on line 107 | /var/www/src/app/utils/Writer.phpline: 18 [] []
[2022-03-29T15:03:36.938295+00:00] error.log.ERROR: GET http://docketu.iutnc.univ-lorraine.fr:62640/favicon.ico : bad method - OPTIONS wanted [] []
[2022-03-29T15:08:07.241355+00:00] error.log.ERROR: GET http://docketu.iutnc.univ-lorraine.fr:62640/favicon.ico : bad method - OPTIONS wanted [] []
[2022-03-29T15:08:18.975143+00:00] error.log.ERROR: error | 500 | syntax error, unexpected ',' | /var/www/src/app/controller/CommentController.phpline: 77 [] []
[2022-03-29T15:08:19.889723+00:00] error.log.ERROR: GET http://docketu.iutnc.univ-lorraine.fr:62640/favicon.ico : bad method - OPTIONS wanted [] []
[2022-03-29T15:09:25.285474+00:00] error.log.ERROR: error | 500 | syntax error, unexpected ',' | /var/www/src/app/controller/CommentController.phpline: 77 [] []
[2022-03-29T15:12:30.544006+00:00] error.log.ERROR: error | 500 | syntax error, unexpected ',' | /var/www/src/app/controller/CommentController.phpline: 77 [] []
[2022-03-29T15:12:31.457809+00:00] error.log.ERROR: GET http://docketu.iutnc.univ-lorraine.fr:62640/favicon.ico : bad method - OPTIONS wanted [] []
[2022-03-29T15:12:32.206320+00:00] error.log.ERROR: error | 500 | syntax error, unexpected ',' | /var/www/src/app/controller/CommentController.phpline: 77 [] []
[2022-03-29T15:12:32.681648+00:00] error.log.ERROR: error | 500 | syntax error, unexpected ',' | /var/www/src/app/controller/CommentController.phpline: 77 [] []
[2022-03-29T15:12:33.296285+00:00] error.log.ERROR: error | 500 | syntax error, unexpected ',' | /var/www/src/app/controller/CommentController.phpline: 77 [] []
[2022-03-29T15:12:34.272849+00:00] error.log.ERROR: GET http://docketu.iutnc.univ-lorraine.fr:62640/favicon.ico : bad method - OPTIONS wanted [] []
[2022-03-29T15:14:18.761174+00:00] error.log.ERROR: error | 500 | syntax error, unexpected ',' | /var/www/src/app/controller/CommentController.phpline: 77 [] []
[2022-03-29T15:14:19.634989+00:00] error.log.ERROR: GET http://docketu.iutnc.univ-lorraine.fr:62640/favicon.ico : bad method - OPTIONS wanted [] []
[2022-03-29T15:14:23.766379+00:00] error.log.ERROR: GET http://docketu.iutnc.univ-lorraine.fr:62640/favicon.ico : bad method - OPTIONS wanted [] []
[2022-03-29T15:14:50.846753+00:00] error.log.ERROR: GET http://docketu.iutnc.univ-lorraine.fr:62640/favicon.ico : bad method - OPTIONS wanted [] []
[2022-03-29T15:14:53.039796+00:00] error.log.ERROR: error | 500 | syntax error, unexpected ',' | /var/www/src/app/controller/CommentController.phpline: 77 [] []
[2022-03-29T15:14:53.943631+00:00] error.log.ERROR: GET http://docketu.iutnc.univ-lorraine.fr:62640/favicon.ico : bad method - OPTIONS wanted [] []
[2022-03-29T15:15:15.720504+00:00] error.log.ERROR: error | 500 | syntax error, unexpected ',' | /var/www/src/app/controller/CommentController.phpline: 77 [] []
[2022-03-29T15:15:16.524836+00:00] error.log.ERROR: GET http://docketu.iutnc.univ-lorraine.fr:62640/favicon.ico : bad method - OPTIONS wanted [] []
[2022-03-29T15:15:34.912605+00:00] error.log.ERROR: error | 500 | syntax error, unexpected ',' | /var/www/src/app/controller/CommentController.phpline: 77 [] []
[2022-03-29T15:15:35.502102+00:00] error.log.ERROR: GET http://docketu.iutnc.univ-lorraine.fr:62640/favicon.ico : bad method - OPTIONS wanted [] []
[2022-03-29T15:17:09.515881+00:00] error.log.ERROR: error | 500 | syntax error, unexpected ',' | /var/www/src/app/controller/CommentController.phpline: 77 [] []
[2022-03-29T15:17:10.472561+00:00] error.log.ERROR: GET http://docketu.iutnc.univ-lorraine.fr:62640/favicon.ico : bad method - OPTIONS wanted [] []
[2022-03-29T15:17:11.232573+00:00] error.log.ERROR: error | 500 | syntax error, unexpected ',' | /var/www/src/app/controller/CommentController.phpline: 77 [] []
[2022-03-29T15:17:11.714408+00:00] error.log.ERROR: error | 500 | syntax error, unexpected ',' | /var/www/src/app/controller/CommentController.phpline: 77 [] []
[2022-03-29T15:17:12.177638+00:00] error.log.ERROR: error | 500 | syntax error, unexpected ',' | /var/www/src/app/controller/CommentController.phpline: 77 [] []
[2022-03-29T15:17:12.732979+00:00] error.log.ERROR: GET http://docketu.iutnc.univ-lorraine.fr:62640/favicon.ico : bad method - OPTIONS wanted [] []
[2022-03-29T15:25:36.717864+00:00] error.log.ERROR: GET http://docketu.iutnc.univ-lorraine.fr:62640/ : malformed uri [] []
[2022-03-29T15:25:37.653745+00:00] error.log.ERROR: GET http://docketu.iutnc.univ-lorraine.fr:62640/favicon.ico : bad method - OPTIONS wanted [] []
[2022-03-29T15:25:43.063663+00:00] error.log.ERROR: GET http://docketu.iutnc.univ-lorraine.fr:62640/favicon.ico : bad method - OPTIONS wanted [] []
[2022-03-29T15:56:29.384076+00:00] error.log.ERROR: GET http://docketu.iutnc.univ-lorraine.fr:62640/ : malformed uri [] []
[2022-03-29T15:56:30.646018+00:00] error.log.ERROR: GET http://docketu.iutnc.univ-lorraine.fr:62640/favicon.ico : bad method - OPTIONS wanted [] []
[2022-03-30T20:12:35.687035+00:00] error.log.ERROR: error | 500 | syntax error, unexpected ',' | /var/www/src/app/controller/CommentController.phpline: 77 [] []
[2022-03-30T20:12:36.678156+00:00] error.log.ERROR: GET http://docketu.iutnc.univ-lorraine.fr:62640/favicon.ico : bad method - OPTIONS wanted [] []
[2022-03-30T20:14:59.609559+00:00] error.log.ERROR: error | 500 | syntax error, unexpected ',' | /var/www/src/app/controller/CommentController.phpline: 77 [] []
[2022-03-30T20:15:00.594586+00:00] error.log.ERROR: GET http://docketu.iutnc.univ-lorraine.fr:62640/favicon.ico : bad method - OPTIONS wanted [] []
[2022-03-30T20:15:09.662460+00:00] error.log.ERROR: GET http://docketu.iutnc.univ-lorraine.fr:62640/ : malformed uri [] []
[2022-03-30T20:15:10.602247+00:00] error.log.ERROR: GET http://docketu.iutnc.univ-lorraine.fr:62640/favicon.ico : bad method - OPTIONS wanted [] []
[2022-03-30T20:15:16.035468+00:00] error.log.ERROR: error | 500 | syntax error, unexpected ',' | /var/www/src/app/controller/CommentController.phpline: 77 [] []
[2022-03-30T20:15:16.954712+00:00] error.log.ERROR: GET http://docketu.iutnc.univ-lorraine.fr:62640/favicon.ico : bad method - OPTIONS wanted [] []
[2022-03-30T20:18:20.484400+00:00] error.log.ERROR: GET http://docketu.iutnc.univ-lorraine.fr:62640/favicon.ico : bad method - OPTIONS wanted [] []
[2022-03-30T20:29:55.519830+00:00] error.log.ERROR: error | 500 | syntax error, unexpected ',' | /var/www/src/app/controller/CommentController.phpline: 78 [] []
[2022-03-30T20:29:56.381188+00:00] error.log.ERROR: GET http://docketu.iutnc.univ-lorraine.fr:62640/favicon.ico : bad method - OPTIONS wanted [] []
[2022-03-30T20:33:18.804785+00:00] error.log.ERROR: GET http://docketu.iutnc.univ-lorraine.fr:62640/comment/1 : bad method - POST, OPTIONS wanted [] []
[2022-03-30T20:33:19.419798+00:00] error.log.ERROR: GET http://docketu.iutnc.univ-lorraine.fr:62640/favicon.ico : bad method - OPTIONS wanted [] []
[2022-03-30T20:33:38.480378+00:00] error.log.ERROR: GET http://docketu.iutnc.univ-lorraine.fr:62640/favicon.ico : bad method - OPTIONS wanted [] []
[2022-03-30T21:18:31.672648+00:00] error.log.ERROR: GET http://docketu.iutnc.univ-lorraine.fr:62640/ : malformed uri [] []
[2022-03-30T21:18:33.064510+00:00] error.log.ERROR: GET http://docketu.iutnc.univ-lorraine.fr:62640/favicon.ico : bad method - OPTIONS wanted [] []
[2022-03-30T21:18:47.699748+00:00] error.log.ERROR: GET http://docketu.iutnc.univ-lorraine.fr:62640/favicon.ico : bad method - OPTIONS wanted [] []
[2022-03-30T21:18:59.392140+00:00] error.log.ERROR: GET http://docketu.iutnc.univ-lorraine.fr:62640/favicon.ico : bad method - OPTIONS wanted [] []
[2022-03-30T21:19:32.012487+00:00] error.log.ERROR: GET http://docketu.iutnc.univ-lorraine.fr:62640/favicon.ico : bad method - OPTIONS wanted [] []
[2022-03-30T21:19:48.715640+00:00] error.log.ERROR: GET http://docketu.iutnc.univ-lorraine.fr:62640/favicon.ico : bad method - OPTIONS wanted [] []
[2022-03-30T21:20:17.341501+00:00] error.log.ERROR: GET http://docketu.iutnc.univ-lorraine.fr:62640/favicon.ico : bad method - OPTIONS wanted [] []
[2022-03-30T21:21:32.139690+00:00] error.log.ERROR: GET http://docketu.iutnc.univ-lorraine.fr:62640/favicon.ico : bad method - OPTIONS wanted [] []
[2022-03-30T21:23:10.620308+00:00] error.log.ERROR: GET http://docketu.iutnc.univ-lorraine.fr:62640/favicon.ico : bad method - OPTIONS wanted [] []
[2022-03-30T21:23:32.812997+00:00] error.log.ERROR: GET http://docketu.iutnc.univ-lorraine.fr:62640/favicon.ico : bad method - OPTIONS wanted [] []
[2022-03-30T21:23:55.332984+00:00] error.log.ERROR: GET http://docketu.iutnc.univ-lorraine.fr:62640/favicon.ico : bad method - OPTIONS wanted [] []
[2022-03-30T21:24:19.721500+00:00] error.log.ERROR: GET http://docketu.iutnc.univ-lorraine.fr:62640/favicon.ico : bad method - OPTIONS wanted [] []
[2022-03-30T21:24:37.729203+00:00] error.log.ERROR: GET http://docketu.iutnc.univ-lorraine.fr:62640/favicon.ico : bad method - OPTIONS wanted [] []
[2022-03-30T21:24:48.091452+00:00] error.log.ERROR: GET http://docketu.iutnc.univ-lorraine.fr:62640/favicon.ico : bad method - OPTIONS wanted [] []
[2022-03-30T21:26:01.951206+00:00] error.log.ERROR: GET http://docketu.iutnc.univ-lorraine.fr:62640/favicon.ico : bad method - OPTIONS wanted [] []
[2022-03-30T21:27:25.752072+00:00] error.log.ERROR: GET http://docketu.iutnc.univ-lorraine.fr:62640/favicon.ico : bad method - OPTIONS wanted [] []
[2022-03-30T21:29:00.808959+00:00] error.log.ERROR: GET http://docketu.iutnc.univ-lorraine.fr:62640/favicon.ico : bad method - OPTIONS wanted [] []
[2022-03-30T21:29:42.365413+00:00] error.log.ERROR: GET http://docketu.iutnc.univ-lorraine.fr:62640/favicon.ico : bad method - OPTIONS wanted [] []
[2022-03-30T21:30:39.900133+00:00] error.log.ERROR: PUT http://docketu.iutnc.univ-lorraine.fr:62640/event : bad method - POST, OPTIONS wanted [] []
[2022-03-30T21:35:11.335296+00:00] error.log.ERROR: error | 500 | Class 'reu\back1\app\controller\Comment' not found | /var/www/src/app/controller/EventController.phpline: 154 [] []
[2022-03-30T21:38:21.687051+00:00] error.log.ERROR: error | 500 | syntax error, unexpected ',' | /var/www/src/app/controller/CommentController.phpline: 78 [] []
[2022-03-30T21:41:01.781735+00:00] error.log.ERROR: error | 500 | syntax error, unexpected ',' | /var/www/src/app/controller/CommentController.phpline: 78 [] []
[2022-03-30T21:43:38.084845+00:00] error.log.ERROR: error | 500 | syntax error, unexpected ',' | /var/www/src/app/controller/CommentController.phpline: 76 [] []
[2022-03-30T21:50:32.151650+00:00] error.log.ERROR: error | 500 | syntax error, unexpected ',' | /var/www/src/app/controller/CommentController.phpline: 76 [] []
[2022-03-30T21:53:01.891767+00:00] error.log.ERROR: error | 500 | syntax error, unexpected ',' | /var/www/src/app/controller/CommentController.phpline: 76 [] []
[2022-03-30T21:54:06.127615+00:00] error.log.ERROR: error | 500 | syntax error, unexpected ',' | /var/www/src/app/controller/CommentController.phpline: 77 [] []
[2022-03-30T22:12:06.778347+00:00] error.log.ERROR: error | 500 | syntax error, unexpected ',' | /var/www/src/app/controller/CommentController.phpline: 76 [] []
[2022-03-30T22:13:38.755925+00:00] error.log.ERROR: error | 500 | syntax error, unexpected ',' | /var/www/src/app/controller/CommentController.phpline: 76 [] []
[2022-03-30T22:13:53.024834+00:00] error.log.ERROR: error | 500 | syntax error, unexpected ',' | /var/www/src/app/controller/CommentController.phpline: 76 [] []
[2022-03-30T22:14:15.540481+00:00] error.log.ERROR: error | 500 | syntax error, unexpected '}', expecting end of file | /var/www/src/app/controller/CommentController.phpline: 91 [] []
[2022-03-30T22:14:30.407372+00:00] error.log.ERROR: error | 500 | syntax error, unexpected '}', expecting end of file | /var/www/src/app/controller/CommentController.phpline: 91 [] []
[2022-03-30T22:18:50.417236+00:00] error.log.ERROR: error | 500 | Call to a member function getParsedBody() on null | /var/www/src/app/controller/CommentController.phpline: 64 [] []
[2022-03-30T22:23:00.120004+00:00] error.log.ERROR: error | 500 | Return value of reu\back1\app\controller\CommentController::getComment() must implement interface Psr\Http\Message\ResponseInterface, none returned | /var/www/src/app/controller/CommentController.phpline: 49 [] []
[2022-03-31T19:09:50.454292+00:00] error.log.ERROR: GET http://docketu.iutnc.univ-lorraine.fr:62640/members/signin?token=e9a493fd7fb862e3ed1b650f0ee0fa12 : bad method - OPTIONS wanted [] []
[2022-03-31T19:25:31.985273+00:00] error.log.ERROR: GET http://docketu.iutnc.univ-lorraine.fr:62640/members/signin?token=e9a493fd7fb862e3ed1b650f0ee0fa12 : bad method - OPTIONS wanted [] []
[2022-03-31T19:34:04.589943+00:00] error.log.ERROR: GET http://docketu.iutnc.univ-lorraine.fr:62640/members/signin?token=e9a493fd7fb862e3ed1b650f0ee0fa12 : bad method - OPTIONS wanted [] []
[2022-03-31T19:41:53.097919+00:00] error.log.ERROR: GET http://docketu.iutnc.univ-lorraine.fr:62640/members/signin?token=e9a493fd7fb862e3ed1b650f0ee0fa12 : bad method - OPTIONS wanted [] []
[2022-03-31T20:07:09.731076+00:00] error.log.ERROR: GET http://docketu.iutnc.univ-lorraine.fr:62640/members/signin?token=e9a493fd7fb862e3ed1b650f0ee0fa12 : bad method - OPTIONS wanted [] []
[2022-03-31T20:09:02.982216+00:00] error.log.ERROR: GET http://docketu.iutnc.univ-lorraine.fr:62640/events/undefined?token=e9a493fd7fb862e3ed1b650f0ee0fa12 : bad method - OPTIONS wanted [] []
[2022-03-31T20:09:11.496542+00:00] error.log.ERROR: GET http://docketu.iutnc.univ-lorraine.fr:62640/events/undefined?token=e9a493fd7fb862e3ed1b650f0ee0fa12 : bad method - OPTIONS wanted [] []
[2022-03-31T20:13:35.320912+00:00] error.log.ERROR: GET http://docketu.iutnc.univ-lorraine.fr:62640/members/signin?token=e9a493fd7fb862e3ed1b650f0ee0fa12 : bad method - OPTIONS wanted [] []
[2022-03-31T20:16:27.320210+00:00] error.log.ERROR: PUT http://docketu.iutnc.univ-lorraine.fr:62640/events/undefined?token=e9a493fd7fb862e3ed1b650f0ee0fa12 : bad method - OPTIONS wanted [] []
[2022-03-31T20:17:19.964163+00:00] error.log.ERROR: GET http://docketu.iutnc.univ-lorraine.fr:62640/members/signin?token=e9a493fd7fb862e3ed1b650f0ee0fa12 : bad method - OPTIONS wanted [] []
[2022-03-31T20:18:11.701808+00:00] error.log.ERROR: PUT http://docketu.iutnc.univ-lorraine.fr:62640/events/undefined?token=e9a493fd7fb862e3ed1b650f0ee0fa12 : bad method - OPTIONS wanted [] []
[2022-03-31T20:28:59.254204+00:00] error.log.ERROR: GET http://docketu.iutnc.univ-lorraine.fr:62640/members/signin?token=e9a493fd7fb862e3ed1b650f0ee0fa12 : bad method - OPTIONS wanted [] []
[2022-03-31T20:29:00.475662+00:00] error.log.ERROR: GET http://docketu.iutnc.univ-lorraine.fr:62640/members/signin?token=e9a493fd7fb862e3ed1b650f0ee0fa12 : bad method - OPTIONS wanted [] []
[2022-03-31T20:29:41.991737+00:00] error.log.ERROR: POST http://docketu.iutnc.univ-lorraine.fr:62640/editEvent : bad method - OPTIONS wanted [] []
[2022-03-31T20:29:51.268938+00:00] error.log.ERROR: PUT http://docketu.iutnc.univ-lorraine.fr:62640/editEvent : bad method - OPTIONS wanted [] []
[2022-03-31T20:34:37.858938+00:00] error.log.ERROR: PUT http://docketu.iutnc.univ-lorraine.fr:62640/editEvent : bad method - OPTIONS wanted [] []
[2022-03-31T20:35:25.208166+00:00] error.log.ERROR: PUT http://docketu.iutnc.univ-lorraine.fr:62640/editEvent : bad method - OPTIONS wanted [] []
[2022-03-31T20:35:34.257973+00:00] error.log.ERROR: PUT http://docketu.iutnc.univ-lorraine.fr:62640/editEvent : bad method - OPTIONS wanted [] []
[2022-03-31T20:35:48.285848+00:00] error.log.ERROR: PUT http://docketu.iutnc.univ-lorraine.fr:62640/editEvent : bad method - OPTIONS wanted [] []
[2022-03-31T20:37:56.815398+00:00] error.log.ERROR: PUT http://docketu.iutnc.univ-lorraine.fr:62640/editEvent : bad method - OPTIONS wanted [] []
[2022-03-31T20:39:16.277815+00:00] error.log.ERROR: PUT http://docketu.iutnc.univ-lorraine.fr:62640/editEvent : bad method - OPTIONS wanted [] []
[2022-03-31T20:44:33.351997+00:00] error.log.ERROR: PUT http://docketu.iutnc.univ-lorraine.fr:62640/editevent : bad method - OPTIONS wanted [] []
[2022-03-31T20:45:46.525311+00:00] error.log.ERROR: PUT http://docketu.iutnc.univ-lorraine.fr:62640/event/1/token : bad method - OPTIONS wanted [] []
[2022-03-31T20:47:20.433548+00:00] error.log.ERROR: PUT http://docketu.iutnc.univ-lorraine.fr:62640/event/1/e9a493fd7fb862e3ed1b650f0ee0fa12 : bad method - OPTIONS wanted [] []
[2022-03-31T20:50:11.421224+00:00] error.log.ERROR: GET http://docketu.iutnc.univ-lorraine.fr:62640/members/signin?token=e9a493fd7fb862e3ed1b650f0ee0fa12 : bad method - OPTIONS wanted [] []
[2022-03-31T20:50:21.682167+00:00] error.log.ERROR: GET http://docketu.iutnc.univ-lorraine.fr:62640/members/signin?token=e9a493fd7fb862e3ed1b650f0ee0fa12 : bad method - OPTIONS wanted [] []
[2022-03-31T20:51:23.254577+00:00] error.log.ERROR: PUT http://docketu.iutnc.univ-lorraine.fr:62640/events/undefined?token=e9a493fd7fb862e3ed1b650f0ee0fa12 : bad method - OPTIONS wanted [] []
[2022-03-31T20:51:38.426506+00:00] error.log.ERROR: PUT http://docketu.iutnc.univ-lorraine.fr:62640/events/undefined?token=e9a493fd7fb862e3ed1b650f0ee0fa12 : bad method - OPTIONS wanted [] []
[2022-03-31T20:52:48.813951+00:00] error.log.ERROR: GET http://docketu.iutnc.univ-lorraine.fr:62640/members/signin?token=e9a493fd7fb862e3ed1b650f0ee0fa12 : bad method - OPTIONS wanted [] []
[2022-03-31T20:53:35.704510+00:00] error.log.ERROR: PUT http://docketu.iutnc.univ-lorraine.fr:62640/events/?token=e9a493fd7fb862e3ed1b650f0ee0fa12 : bad method - GET, OPTIONS wanted [] []
[2022-03-31T20:53:49.664243+00:00] error.log.ERROR: PUT http://docketu.iutnc.univ-lorraine.fr:62640/events/?token=e9a493fd7fb862e3ed1b650f0ee0fa12 : bad method - GET, OPTIONS wanted [] []
[2022-03-31T20:55:51.716568+00:00] error.log.ERROR: GET http://docketu.iutnc.univ-lorraine.fr:62640/members/signin?token=e9a493fd7fb862e3ed1b650f0ee0fa12 : bad method - OPTIONS wanted [] []
[2022-03-31T20:56:35.716661+00:00] error.log.ERROR: PUT http://docketu.iutnc.univ-lorraine.fr:62640/events/%7Bid%7D?token=e9a493fd7fb862e3ed1b650f0ee0fa12 : bad method - OPTIONS wanted [] []
[2022-03-31T20:59:26.805516+00:00] error.log.ERROR: GET http://docketu.iutnc.univ-lorraine.fr:62640/members/signin?token=e9a493fd7fb862e3ed1b650f0ee0fa12 : bad method - OPTIONS wanted [] []
[2022-03-31T21:00:20.319985+00:00] error.log.ERROR: PUT http://docketu.iutnc.univ-lorraine.fr:62640/events/undefined?token=e9a493fd7fb862e3ed1b650f0ee0fa12 : bad method - OPTIONS wanted [] []
[2022-03-31T21:03:25.552515+00:00] error.log.ERROR: GET http://docketu.iutnc.univ-lorraine.fr:62640/members/signin?token=e9a493fd7fb862e3ed1b650f0ee0fa12 : bad method - OPTIONS wanted [] []
[2022-03-31T21:04:24.316489+00:00] error.log.ERROR: PUT http://docketu.iutnc.univ-lorraine.fr:62640/events/undefined?token=e9a493fd7fb862e3ed1b650f0ee0fa12 : bad method - OPTIONS wanted [] []
[2022-03-31T21:05:05.933041+00:00] error.log.ERROR: GET http://docketu.iutnc.univ-lorraine.fr:62640/members/signin?token=e9a493fd7fb862e3ed1b650f0ee0fa12 : bad method - OPTIONS wanted [] []
[2022-03-31T21:06:35.723209+00:00] error.log.ERROR: GET http://docketu.iutnc.univ-lorraine.fr:62640/members/signin?token=e9a493fd7fb862e3ed1b650f0ee0fa12 : bad method - OPTIONS wanted [] []
[2022-03-31T21:08:39.975564+00:00] error.log.ERROR: GET http://docketu.iutnc.univ-lorraine.fr:62640/members/signin?token=e9a493fd7fb862e3ed1b650f0ee0fa12 : bad method - OPTIONS wanted [] []
[2022-03-31T21:09:15.744204+00:00] error.log.ERROR: PUT http://docketu.iutnc.univ-lorraine.fr:62640/events/id?token=e9a493fd7fb862e3ed1b650f0ee0fa12 : bad method - OPTIONS wanted [] []
[2022-03-31T21:15:26.388883+00:00] error.log.ERROR: GET http://docketu.iutnc.univ-lorraine.fr:62640/events/undefined?token=e9a493fd7fb862e3ed1b650f0ee0fa12 : bad method - OPTIONS wanted [] []
[2022-03-31T21:15:26.394552+00:00] error.log.ERROR: GET http://docketu.iutnc.univ-lorraine.fr:62640/members/signin?token=e9a493fd7fb862e3ed1b650f0ee0fa12 : bad method - OPTIONS wanted [] []
[2022-03-31T21:15:38.045852+00:00] error.log.ERROR: GET http://docketu.iutnc.univ-lorraine.fr:62640/events/undefined?token=e9a493fd7fb862e3ed1b650f0ee0fa12 : bad method - OPTIONS wanted [] []
[2022-03-31T21:15:51.198110+00:00] error.log.ERROR: GET http://docketu.iutnc.univ-lorraine.fr:62640/members/signin?token=e9a493fd7fb862e3ed1b650f0ee0fa12 : bad method - OPTIONS wanted [] []
[2022-03-31T21:16:16.011388+00:00] error.log.ERROR: GET http://docketu.iutnc.univ-lorraine.fr:62640/events/undefined?token=e9a493fd7fb862e3ed1b650f0ee0fa12 : bad method - OPTIONS wanted [] []
[2022-03-31T21:17:32.393770+00:00] error.log.ERROR: GET http://docketu.iutnc.univ-lorraine.fr:62640/events/undefined?token=e9a493fd7fb862e3ed1b650f0ee0fa12 : bad method - OPTIONS wanted [] []
[2022-03-31T21:17:43.665418+00:00] error.log.ERROR: GET http://docketu.iutnc.univ-lorraine.fr:62640/members/signin?token=e9a493fd7fb862e3ed1b650f0ee0fa12 : bad method - OPTIONS wanted [] []
[2022-03-31T21:21:04.282148+00:00] error.log.ERROR: GET http://docketu.iutnc.univ-lorraine.fr:62640/members/signin?token=e9a493fd7fb862e3ed1b650f0ee0fa12 : bad method - OPTIONS wanted [] []
[2022-03-31T21:24:22.790224+00:00] error.log.ERROR: GET http://docketu.iutnc.univ-lorraine.fr:62640/members/signin?token=e9a493fd7fb862e3ed1b650f0ee0fa12 : bad method - OPTIONS wanted [] []
[2022-03-31T21:24:51.469624+00:00] error.log.ERROR: GET http://docketu.iutnc.univ-lorraine.fr:62640/members/signin?token=e9a493fd7fb862e3ed1b650f0ee0fa12 : bad method - OPTIONS wanted [] []
[2022-03-31T21:28:39.515803+00:00] error.log.ERROR: GET http://docketu.iutnc.univ-lorraine.fr:62640/members/signin?token=e9a493fd7fb862e3ed1b650f0ee0fa12 : bad method - OPTIONS wanted [] []
[2022-03-31T21:30:51.020508+00:00] error.log.ERROR: GET http://docketu.iutnc.univ-lorraine.fr:62640/members/signin?token=e9a493fd7fb862e3ed1b650f0ee0fa12 : bad method - OPTIONS wanted [] []
[2022-03-31T21:37:21.341871+00:00] error.log.ERROR: GET http://docketu.iutnc.univ-lorraine.fr:62640/members/signin?token=e9a493fd7fb862e3ed1b650f0ee0fa12 : bad method - OPTIONS wanted [] []
[2022-03-31T21:41:31.772034+00:00] error.log.ERROR: GET http://docketu.iutnc.univ-lorraine.fr:62640/members/signin?token=e9a493fd7fb862e3ed1b650f0ee0fa12 : bad method - OPTIONS wanted [] []
[2022-03-31T21:49:34.368157+00:00] error.log.ERROR: GET http://docketu.iutnc.univ-lorraine.fr:62640/ : malformed uri [] []
[2022-03-31T21:49:35.829858+00:00] error.log.ERROR: GET http://docketu.iutnc.univ-lorraine.fr:62640/favicon.ico : bad method - OPTIONS wanted [] []
[2022-03-31T22:19:37.259304+00:00] error.log.ERROR: GET http://docketu.iutnc.univ-lorraine.fr:62640/members/signin?token=e9a493fd7fb862e3ed1b650f0ee0fa12 : bad method - OPTIONS wanted [] []
[2022-03-31T22:20:36.793348+00:00] error.log.ERROR: GET http://docketu.iutnc.univ-lorraine.fr:62640/events/undefined?token=e9a493fd7fb862e3ed1b650f0ee0fa12 : bad method - OPTIONS wanted [] []
[2022-03-31T22:23:23.543618+00:00] error.log.ERROR: GET http://docketu.iutnc.univ-lorraine.fr:62640/members/signin?token=e9a493fd7fb862e3ed1b650f0ee0fa12 : bad method - OPTIONS wanted [] []
[2022-03-31T22:23:43.955741+00:00] error.log.ERROR: GET http://docketu.iutnc.univ-lorraine.fr:62640/events/undefined?token=e9a493fd7fb862e3ed1b650f0ee0fa12 : bad method - OPTIONS wanted [] []
[2022-04-01T08:06:10.439151+00:00] error.log.ERROR: GET http://docketu.iutnc.univ-lorraine.fr:62640/members/signin?token=e9a493fd7fb862e3ed1b650f0ee0fa12 : bad method - OPTIONS wanted [] []
[2022-04-01T08:06:20.482499+00:00] error.log.ERROR: GET http://docketu.iutnc.univ-lorraine.fr:62640/events/undefined?token=e9a493fd7fb862e3ed1b650f0ee0fa12 : bad method - OPTIONS wanted [] []
[2022-04-01T08:13:16.284700+00:00] error.log.ERROR: GET http://docketu.iutnc.univ-lorraine.fr:62640/members/signin?token=e9a493fd7fb862e3ed1b650f0ee0fa12 : bad method - OPTIONS wanted [] []
[2022-04-01T08:18:21.688050+00:00] error.log.ERROR: GET http://docketu.iutnc.univ-lorraine.fr:62640/signin : bad method - POST, OPTIONS wanted [] []
[2022-04-01T08:18:43.664190+00:00] error.log.ERROR: GET http://docketu.iutnc.univ-lorraine.fr:62640/signin : bad method - POST, OPTIONS wanted [] []
[2022-04-01T08:20:33.711177+00:00] error.log.ERROR: GET http://docketu.iutnc.univ-lorraine.fr:62640/members/signin?token=e9a493fd7fb862e3ed1b650f0ee0fa12 : bad method - OPTIONS wanted [] []
[2022-04-01T08:22:21.377835+00:00] error.log.ERROR: GET http://docketu.iutnc.univ-lorraine.fr:62640/members/signin?token=e9a493fd7fb862e3ed1b650f0ee0fa12 : bad method - OPTIONS wanted [] []
[2022-04-01T08:25:13.405329+00:00] error.log.ERROR: GET http://docketu.iutnc.univ-lorraine.fr:62640/members/signin?token=e9a493fd7fb862e3ed1b650f0ee0fa12 : bad method - OPTIONS wanted [] []
[2022-04-01T08:29:34.689088+00:00] error.log.ERROR: POST http://docketu.iutnc.univ-lorraine.fr:62640/event/id?token=e9a493fd7fb862e3ed1b650f0ee0fa12 : bad method - GET, PUT, DELETE, OPTIONS wanted [] []
[2022-04-01T08:29:34.689843+00:00] error.log.ERROR: POST http://docketu.iutnc.univ-lorraine.fr:62640/event/id?token=e9a493fd7fb862e3ed1b650f0ee0fa12 : bad method - GET, PUT, DELETE, OPTIONS wanted [] []
[2022-04-01T08:30:21.400156+00:00] error.log.ERROR: POST http://docketu.iutnc.univ-lorraine.fr:62640/event/id?token=e9a493fd7fb862e3ed1b650f0ee0fa12 : bad method - GET, PUT, DELETE, OPTIONS wanted [] []
[2022-04-01T08:30:21.400985+00:00] error.log.ERROR: POST http://docketu.iutnc.univ-lorraine.fr:62640/event/id?token=e9a493fd7fb862e3ed1b650f0ee0fa12 : bad method - GET, PUT, DELETE, OPTIONS wanted [] []
[2022-04-01T08:32:00.309835+00:00] error.log.ERROR: POST http://docketu.iutnc.univ-lorraine.fr:62640/event/undefined?token=e9a493fd7fb862e3ed1b650f0ee0fa12 : bad method - GET, PUT, DELETE, OPTIONS wanted [] []
[2022-04-01T08:32:00.309003+00:00] error.log.ERROR: POST http://docketu.iutnc.univ-lorraine.fr:62640/event/undefined?token=e9a493fd7fb862e3ed1b650f0ee0fa12 : bad method - GET, PUT, DELETE, OPTIONS wanted [] []
[2022-04-01T08:34:14.461516+00:00] error.log.ERROR: GET http://docketu.iutnc.univ-lorraine.fr:62640/members/signin?token=e9a493fd7fb862e3ed1b650f0ee0fa12 : bad method - OPTIONS wanted [] []
[2022-04-01T08:36:07.104641+00:00] error.log.ERROR: GET http://docketu.iutnc.univ-lorraine.fr:62640/members/signin?token=e9a493fd7fb862e3ed1b650f0ee0fa12 : bad method - OPTIONS wanted [] []
[2022-04-01T08:36:53.525835+00:00] error.log.ERROR: POST http://docketu.iutnc.univ-lorraine.fr:62640/event/:id?token=e9a493fd7fb862e3ed1b650f0ee0fa12 : bad method - GET, PUT, DELETE, OPTIONS wanted [] []
[2022-04-01T08:36:53.526553+00:00] error.log.ERROR: POST http://docketu.iutnc.univ-lorraine.fr:62640/event/:id?token=e9a493fd7fb862e3ed1b650f0ee0fa12 : bad method - GET, PUT, DELETE, OPTIONS wanted [] []
[2022-04-01T08:39:04.798599+00:00] error.log.ERROR: GET http://docketu.iutnc.univ-lorraine.fr:62640/members/signin?token=e9a493fd7fb862e3ed1b650f0ee0fa12 : bad method - OPTIONS wanted [] []
[2022-04-01T08:39:40.694715+00:00] error.log.ERROR: POST http://docketu.iutnc.univ-lorraine.fr:62640/event/:id?token=e9a493fd7fb862e3ed1b650f0ee0fa12 : bad method - GET, PUT, DELETE, OPTIONS wanted [] []
[2022-04-01T08:39:40.695585+00:00] error.log.ERROR: POST http://docketu.iutnc.univ-lorraine.fr:62640/event/:id?token=e9a493fd7fb862e3ed1b650f0ee0fa12 : bad method - GET, PUT, DELETE, OPTIONS wanted [] []
[2022-04-01T08:40:55.365684+00:00] error.log.ERROR: GET http://docketu.iutnc.univ-lorraine.fr:62640/members/signin?token=e9a493fd7fb862e3ed1b650f0ee0fa12 : bad method - OPTIONS wanted [] []
[2022-04-01T08:44:20.748685+00:00] error.log.ERROR: GET http://docketu.iutnc.univ-lorraine.fr:62640/members/signin?token=e9a493fd7fb862e3ed1b650f0ee0fa12 : bad method - OPTIONS wanted [] []
[2022-04-01T08:57:27.167481+00:00] error.log.ERROR: GET http://docketu.iutnc.univ-lorraine.fr:62640/members/signin?token=e9a493fd7fb862e3ed1b650f0ee0fa12 : bad method - OPTIONS wanted [] []
[2022-04-01T11:38:59.198325+00:00] error.log.ERROR: GET http://docketu.iutnc.univ-lorraine.fr:62640/ : malformed uri [] []
[2022-04-01T11:39:03.748234+00:00] error.log.ERROR: GET http://docketu.iutnc.univ-lorraine.fr:62640/favicon.ico : bad method - OPTIONS wanted [] []
[2022-04-01T11:44:03.629855+00:00] error.log.ERROR: GET http://docketu.iutnc.univ-lorraine.fr:62640/channels : bad method - OPTIONS wanted [] []
[2022-04-01T11:44:03.630804+00:00] error.log.ERROR: GET http://docketu.iutnc.univ-lorraine.fr:62640/members/undefined/signedin : bad method - OPTIONS wanted [] []
[2022-04-01T11:46:58.019257+00:00] error.log.ERROR: POST http://docketu.iutnc.univ-lorraine.fr:62640/members/signin : bad method - OPTIONS wanted [] []
[2022-04-01T11:48:21.797812+00:00] error.log.ERROR: GET http://docketu.iutnc.univ-lorraine.fr:62640/channels : bad method - OPTIONS wanted [] []
[2022-04-01T11:49:30.201149+00:00] error.log.ERROR: GET http://docketu.iutnc.univ-lorraine.fr:62640/members/undefined/signedin : bad method - OPTIONS wanted [] []
[2022-04-01T11:49:30.327732+00:00] error.log.ERROR: GET http://docketu.iutnc.univ-lorraine.fr:62640/channels : bad method - OPTIONS wanted [] []
[2022-04-01T11:49:43.567238+00:00] error.log.ERROR: GET http://docketu.iutnc.univ-lorraine.fr:62640/channels : bad method - OPTIONS wanted [] []
[2022-04-01T11:50:59.115961+00:00] error.log.ERROR: GET http://docketu.iutnc.univ-lorraine.fr:62640/channels : bad method - OPTIONS wanted [] []
[2022-04-01T11:51:16.035224+00:00] error.log.ERROR: GET http://docketu.iutnc.univ-lorraine.fr:62640/channels : bad method - OPTIONS wanted [] []
[2022-04-01T11:51:17.671007+00:00] error.log.ERROR: GET http://docketu.iutnc.univ-lorraine.fr:62640/members/undefined/signin : bad method - OPTIONS wanted [] []
[2022-04-01T11:51:17.791686+00:00] error.log.ERROR: GET http://docketu.iutnc.univ-lorraine.fr:62640/channels : bad method - OPTIONS wanted [] []
[2022-04-01T11:51:33.228094+00:00] error.log.ERROR: GET http://docketu.iutnc.univ-lorraine.fr:62640/channels : bad method - OPTIONS wanted [] []
[2022-04-01T11:51:39.284947+00:00] error.log.ERROR: GET http://docketu.iutnc.univ-lorraine.fr:62640/members/undefined/signin : bad method - OPTIONS wanted [] []
[2022-04-01T11:51:40.053094+00:00] error.log.ERROR: GET http://docketu.iutnc.univ-lorraine.fr:62640/channels : bad method - OPTIONS wanted [] []
[2022-04-01T11:51:54.103768+00:00] error.log.ERROR: GET http://docketu.iutnc.univ-lorraine.fr:62640/channels : bad method - OPTIONS wanted [] []
[2022-04-01T11:52:26.505355+00:00] error.log.ERROR: GET http://docketu.iutnc.univ-lorraine.fr:62640/members/undefined/signin : bad method - OPTIONS wanted [] []
[2022-04-01T11:56:27.185236+00:00] error.log.ERROR: POST http://docketu.iutnc.univ-lorraine.fr:62640/channels : bad method - OPTIONS wanted [] []
[2022-04-01T11:57:00.099245+00:00] error.log.ERROR: POST http://docketu.iutnc.univ-lorraine.fr:62640/channels : bad method - OPTIONS wanted [] []
[2022-04-01T11:59:26.983165+00:00] error.log.ERROR: POST http://docketu.iutnc.univ-lorraine.fr:62640/channels : bad method - OPTIONS wanted [] []
[2022-04-01T12:01:09.593534+00:00] error.log.ERROR: POST http://docketu.iutnc.univ-lorraine.fr:62640/channels : bad method - OPTIONS wanted [] []
[2022-04-01T12:01:43.441452+00:00] error.log.ERROR: GET http://docketu.iutnc.univ-lorraine.fr:62640/members/undefined/signin : bad method - OPTIONS wanted [] []
[2022-04-01T12:09:57.181793+00:00] error.log.ERROR: GET http://docketu.iutnc.univ-lorraine.fr:62640/members/undefined/signin : bad method - OPTIONS wanted [] []
[2022-04-01T12:11:20.062957+00:00] error.log.ERROR: GET http://docketu.iutnc.univ-lorraine.fr:62640/members/undefined/signin : bad method - OPTIONS wanted [] []
[2022-04-01T12:17:32.869496+00:00] error.log.ERROR: GET http://docketu.iutnc.univ-lorraine.fr:62640/members/undefined/signin : bad method - OPTIONS wanted [] []
[2022-04-01T12:18:28.834498+00:00] error.log.ERROR: GET http://docketu.iutnc.univ-lorraine.fr:62640/members/undefined/signin : bad method - OPTIONS wanted [] []
[2022-04-01T12:20:32.988298+00:00] error.log.ERROR: GET http://docketu.iutnc.univ-lorraine.fr:62640/members/undefined/signin : bad method - OPTIONS wanted [] []
[2022-04-01T12:21:30.117209+00:00] error.log.ERROR: GET http://docketu.iutnc.univ-lorraine.fr:62640/members/undefined/signin : bad method - OPTIONS wanted [] []
[2022-04-01T12:21:38.924070+00:00] error.log.ERROR: GET http://docketu.iutnc.univ-lorraine.fr:62640/channels/undefined : bad method - OPTIONS wanted [] []
[2022-04-01T12:22:08.447452+00:00] error.log.ERROR: GET http://docketu.iutnc.univ-lorraine.fr:62640/channels : bad method - OPTIONS wanted [] []
[2022-04-01T12:22:10.755434+00:00] error.log.ERROR: DELETE http://docketu.iutnc.univ-lorraine.fr:62640/members/19a14ea18a2e511b62d4f10aa978867d5754e9be : bad method - OPTIONS wanted [] []
